Building configurations...
Running action 'vs2017'...
Generated tmp/main.sln...
Generated log/main.vcxproj...
Done (51ms).
Building configurations...
Running action 'vs2008'...
Generated tmp/main.sln...
Generated log/main.vcproj...
Done (49ms).
Building configurations...
Running action 'gmake2'...
Generated tmp/Makefile...
Generated log/Makefile...
Done (55ms).
Building configurations...
Running action 'xcode4'...
Generated tmp/main.xcworkspace/contents.xcworkspacedata...
Generated log/main.xcodeproj/project.pbxproj...
Done (49ms).
